2026-06-03 22:11:59 [INFO    ] footstats: FootStats logger zainicjalizowany | plik: F:\bot\footstats.log
2026-06-03 22:11:59 [DEBUG   ] footstats: _bzz_parse_prob: parsowanie | klucze=['percent']
2026-06-03 22:11:59 [DEBUG   ] footstats: _bzz_parse_prob: Format A | 1=60.0 X=25.0 2=15.0
2026-06-03 22:11:59 [DEBUG   ] footstats: _bzz_parse_prob: parsowanie | klucze=['home_win_prob', 'draw_prob', 'away_win_prob', 'btts', 'over_2_5']
2026-06-03 22:11:59 [DEBUG   ] footstats: _bzz_parse_prob: Format B | 1=60.0 X=25.0 2=15.0
2026-06-03 22:11:59 [DEBUG   ] footstats: _bzz_parse_prob: parsowanie | klucze=['home', 'draw', 'away']
2026-06-03 22:11:59 [DEBUG   ] footstats: _bzz_parse_prob: Format C | 1=60.0 X=25.0 2=15.0
2026-06-03 22:11:59 [DEBUG   ] footstats: _bzz_parse_prob: parsowanie | klucze=['predictions']
2026-06-03 22:11:59 [DEBUG   ] footstats: _bzz_parse_prob: Format D (zagniezdzone), deleguje rekurencyjnie
2026-06-03 22:11:59 [DEBUG   ] footstats: _bzz_parse_prob: parsowanie | klucze=['percent']
2026-06-03 22:11:59 [DEBUG   ] footstats: _bzz_parse_prob: Format A | 1=55.0 X=25.0 2=20.0
2026-06-03 22:11:59 [DEBUG   ] footstats: _bzz_parse_prob: pred_ml jest None/pusty
2026-06-03 22:11:59 [DEBUG   ] footstats: _bzz_parse_prob: pred_ml jest None/pusty
2026-06-03 22:11:59 [DEBUG   ] footstats: _bzz_parse_prob: parsowanie | klucze=['home', 'draw', 'away']
2026-06-03 22:11:59 [DEBUG   ] footstats: _bzz_parse_prob: nie mozna skonwertowac 'abc': could not convert string to float: 'abc'
2026-06-03 22:11:59 [WARNING ] footstats: _bzz_parse_prob: podejrzana wartosc -5 → 0
2026-06-03 22:11:59 [WARNING ] footstats: _bzz_parse_prob: nieznany format | klucze=['home', 'draw', 'away']
2026-06-03 22:11:59 [DEBUG   ] footstats: _bzz_parse_prob: parsowanie | klucze=['percent']
2026-06-03 22:11:59 [WARNING ] footstats: _bzz_parse_prob: nieznany format | klucze=['percent']
2026-06-03 22:11:59 [DEBUG   ] footstats: Cache HIT (dysk): cache\api_football\af_budget.json
